This file contains any messages produced by compilers while
running configure, to aid debugging if configure makes a mistake.

It was created by opkg configure 0.1.8, which was
generated by GNU Autoconf 2.67.  Invocation command line was

  $ ./configure --host=xscale-none-linux-gnueabi --prefix=/home/miguel/workspace/wng_software/opkg/out_MOXA-UC8481 --enable-curl=no --enable-gpg=no

## --------- ##
## Platform. ##
## --------- ##

hostname = miguel-c3-debian
uname -m = i686
uname -r = 2.6.32-5-686
uname -s = Linux
uname -v = #1 SMP Mon Feb 25 01:04:36 UTC 2013

/usr/bin/uname -p = unknown
/bin/uname -X     = unknown

/bin/arch              = unknown
/usr/bin/arch -k       = unknown
/usr/convex/getsysinfo = unknown
/usr/bin/hostinfo      = unknown
/bin/machine           = unknown
/usr/bin/oslevel       = unknown
/bin/universe          = unknown

PATH: /usr/java/jdk1.7.0_13/bin
PATH: /usr/local/sbin
PATH: /usr/local/bin
PATH: /usr/sbin
PATH: /usr/bin
PATH: /sbin
PATH: /bin
PATH: /usr/local/arm-linux-4.4.2-v4/bin


## ----------- ##
## Core tests. ##
## ----------- ##

configure:2531: checking for a BSD-compatible install
configure:2599: result: /usr/bin/install -c
configure:2610: checking whether build environment is sane
configure:2647: result: yes
configure:2672: checking for a thread-safe mkdir -p
configure:2711: result: /bin/mkdir -p
configure:2724: checking for gawk
configure:2740: found /usr/bin/gawk
configure:2751: result: gawk
configure:2762: checking whether make sets $(MAKE)
configure:2784: result: yes
configure:2862: checking for xscale-none-linux-gnueabi-strip
configure:2878: found /usr/local/arm-linux-4.4.2-v4/bin/xscale-none-linux-gnueabi-strip
configure:2889: result: xscale-none-linux-gnueabi-strip
configure:2973: checking build system type
configure:2987: result: i686-pc-linux-gnu
configure:3007: checking host system type
configure:3020: result: xscale-none-linux-gnueabi
configure:3052: checking for style of include used by make
configure:3080: result: GNU
configure:3110: checking for xscale-none-linux-gnueabi-gcc
configure:3126: found /usr/local/arm-linux-4.4.2-v4/bin/xscale-none-linux-gnueabi-gcc
configure:3137: result: xscale-none-linux-gnueabi-gcc
configure:3406: checking for C compiler version
configure:3415: xscale-none-linux-gnueabi-gcc --version >&5
arm-none-linux-gnueabi-gcc (GCC) 4.4.2
Copyright (C) 2009 Free Software Foundation, Inc.
This is free software; see the source for copying conditions.  There is NO
warranty; not even for MERCHANTABILITY or FITNESS FOR A PARTICULAR PURPOSE.

configure:3426: $? = 0
configure:3415: xscale-none-linux-gnueabi-gcc -v >&5
Using built-in specs.
Target: arm-none-linux-gnueabi
Configured with: ../gcc-4.4.2/configure --host=i686-pc-linux --build=i686-pc-linux --target=arm-none-linux-gnueabi --prefix=/usr/local/arm-linux-4.4.2-v4 --with-gmp=/usr/local/arm-linux-4.4.2-v4/tools --with-mpc=/usr/local/arm-linux-4.4.2-v4/tools --with-mpfr=/usr/local/arm-linux-4.4.2-v4/tools --with-headers=/home/work/stdlinux/host/mkcompiler/../../linux-2.6.23/include --with-gnu-ld --with-gnu-as --without-newlib --enable-long-long --disable-libada --without-cvs --disable-libgomp --disable-libmudflap --disable-libssp --enable-threads --enable-__cxa_atexit --enable-shared --enable-languages=c,c++ --with-system-zlib --enable-multilib
Thread model: posix
gcc version 4.4.2 (GCC) 
configure:3426: $? = 0
configure:3415: xscale-none-linux-gnueabi-gcc -V >&5
arm-none-linux-gnueabi-gcc: '-V' must come at the start of the command line
configure:3426: $? = 1
configure:3415: xscale-none-linux-gnueabi-gcc -qversion >&5
arm-none-linux-gnueabi-gcc: unrecognized option '-qversion'
arm-none-linux-gnueabi-gcc: no input files
configure:3426: $? = 1
configure:3446: checking whether the C compiler works
configure:3468: xscale-none-linux-gnueabi-gcc    conftest.c  >&5
configure:3472: $? = 0
configure:3520: result: yes
configure:3523: checking for C compiler default output file name
configure:3525: result: a.out
configure:3531: checking for suffix of executables
configure:3538: xscale-none-linux-gnueabi-gcc -o conftest    conftest.c  >&5
configure:3542: $? = 0
configure:3564: result: 
configure:3586: checking whether we are cross compiling
configure:3594: xscale-none-linux-gnueabi-gcc -o conftest    conftest.c  >&5
configure:3598: $? = 0
configure:3605: ./conftest
./configure: line 3607: ./conftest: cannot execute binary file
configure:3609: $? = 126
configure:3624: result: yes
configure:3629: checking for suffix of object files
configure:3651: xscale-none-linux-gnueabi-gcc -c   conftest.c >&5
configure:3655: $? = 0
configure:3676: result: o
configure:3680: checking whether we are using the GNU C compiler
configure:3699: xscale-none-linux-gnueabi-gcc -c   conftest.c >&5
configure:3699: $? = 0
configure:3708: result: yes
configure:3717: checking whether xscale-none-linux-gnueabi-gcc accepts -g
configure:3737: xscale-none-linux-gnueabi-gcc -c -g  conftest.c >&5
configure:3737: $? = 0
configure:3778: result: yes
configure:3795: checking for xscale-none-linux-gnueabi-gcc option to accept ISO C89
configure:3859: xscale-none-linux-gnueabi-gcc  -c -g -O2  conftest.c >&5
configure:3859: $? = 0
configure:3872: result: none needed
configure:3894: checking dependency style of xscale-none-linux-gnueabi-gcc
configure:3985: result: gcc3
configure:4006: checking how to run the C preprocessor
configure:4037: xscale-none-linux-gnueabi-gcc -E  conftest.c
configure:4037: $? = 0
configure:4051: xscale-none-linux-gnueabi-gcc -E  conftest.c
conftest.c:11:28: error: ac_nonexistent.h: No such file or directory
configure:4051: $? = 1
configure: failed program was:
| /* confdefs.h */
| #define PACKAGE_NAME "opkg"
| #define PACKAGE_TARNAME "opkg"
| #define PACKAGE_VERSION "0.1.8"
| #define PACKAGE_STRING "opkg 0.1.8"
| #define PACKAGE_BUGREPORT ""
| #define PACKAGE_URL ""
| #define PACKAGE "opkg"
| #define VERSION "0.1.8"
| /* end confdefs.h.  */
| #include <ac_nonexistent.h>
configure:4076: result: xscale-none-linux-gnueabi-gcc -E
configure:4096: xscale-none-linux-gnueabi-gcc -E  conftest.c
configure:4096: $? = 0
configure:4110: xscale-none-linux-gnueabi-gcc -E  conftest.c
conftest.c:11:28: error: ac_nonexistent.h: No such file or directory
configure:4110: $? = 1
configure: failed program was:
| /* confdefs.h */
| #define PACKAGE_NAME "opkg"
| #define PACKAGE_TARNAME "opkg"
| #define PACKAGE_VERSION "0.1.8"
| #define PACKAGE_STRING "opkg 0.1.8"
| #define PACKAGE_BUGREPORT ""
| #define PACKAGE_URL ""
| #define PACKAGE "opkg"
| #define VERSION "0.1.8"
| /* end confdefs.h.  */
| #include <ac_nonexistent.h>
configure:4139: checking for grep that handles long lines and -e
configure:4197: result: /bin/grep
configure:4202: checking for egrep
configure:4264: result: /bin/grep -E
configure:4269: checking for ANSI C header files
configure:4289: xscale-none-linux-gnueabi-gcc -c -g -O2  conftest.c >&5
configure:4289: $? = 0
configure:4373: result: yes
configure:4386: checking for sys/types.h
configure:4386: xscale-none-linux-gnueabi-gcc -c -g -O2  conftest.c >&5
configure:4386: $? = 0
configure:4386: result: yes
configure:4386: checking for sys/stat.h
configure:4386: xscale-none-linux-gnueabi-gcc -c -g -O2  conftest.c >&5
configure:4386: $? = 0
configure:4386: result: yes
configure:4386: checking for stdlib.h
configure:4386: xscale-none-linux-gnueabi-gcc -c -g -O2  conftest.c >&5
configure:4386: $? = 0
configure:4386: result: yes
configure:4386: checking for string.h
configure:4386: xscale-none-linux-gnueabi-gcc -c -g -O2  conftest.c >&5
configure:4386: $? = 0
configure:4386: result: yes
configure:4386: checking for memory.h
configure:4386: xscale-none-linux-gnueabi-gcc -c -g -O2  conftest.c >&5
configure:4386: $? = 0
configure:4386: result: yes
configure:4386: checking for strings.h
configure:4386: xscale-none-linux-gnueabi-gcc -c -g -O2  conftest.c >&5
configure:4386: $? = 0
configure:4386: result: yes
configure:4386: checking for inttypes.h
configure:4386: xscale-none-linux-gnueabi-gcc -c -g -O2  conftest.c >&5
configure:4386: $? = 0
configure:4386: result: yes
configure:4386: checking for stdint.h
configure:4386: xscale-none-linux-gnueabi-gcc -c -g -O2  conftest.c >&5
configure:4386: $? = 0
configure:4386: result: yes
configure:4386: checking for unistd.h
configure:4386: xscale-none-linux-gnueabi-gcc -c -g -O2  conftest.c >&5
configure:4386: $? = 0
configure:4386: result: yes
configure:4399: checking minix/config.h usability
configure:4399: xscale-none-linux-gnueabi-gcc -c -g -O2  conftest.c >&5
conftest.c:54:26: error: minix/config.h: No such file or directory
configure:4399: $? = 1
configure: failed program was:
| /* confdefs.h */
| #define PACKAGE_NAME "opkg"
| #define PACKAGE_TARNAME "opkg"
| #define PACKAGE_VERSION "0.1.8"
| #define PACKAGE_STRING "opkg 0.1.8"
| #define PACKAGE_BUGREPORT ""
| #define PACKAGE_URL ""
| #define PACKAGE "opkg"
| #define VERSION "0.1.8"
| #define STDC_HEADERS 1
| #define HAVE_SYS_TYPES_H 1
| #define HAVE_SYS_STAT_H 1
| #define HAVE_STDLIB_H 1
| #define HAVE_STRING_H 1
| #define HAVE_MEMORY_H 1
| #define HAVE_STRINGS_H 1
| #define HAVE_INTTYPES_H 1
| #define HAVE_STDINT_H 1
| #define HAVE_UNISTD_H 1
| /* end confdefs.h.  */
| #include <stdio.h>
| #ifdef HAVE_SYS_TYPES_H
| # include <sys/types.h>
| #endif
| #ifdef HAVE_SYS_STAT_H
| # include <sys/stat.h>
| #endif
| #ifdef STDC_HEADERS
| # include <stdlib.h>
| # include <stddef.h>
| #else
| # ifdef HAVE_STDLIB_H
| #  include <stdlib.h>
| # endif
| #endif
| #ifdef HAVE_STRING_H
| # if !defined STDC_HEADERS && defined HAVE_MEMORY_H
| #  include <memory.h>
| # endif
| # include <string.h>
| #endif
| #ifdef HAVE_STRINGS_H
| # include <strings.h>
| #endif
| #ifdef HAVE_INTTYPES_H
| # include <inttypes.h>
| #endif
| #ifdef HAVE_STDINT_H
| # include <stdint.h>
| #endif
| #ifdef HAVE_UNISTD_H
| # include <unistd.h>
| #endif
| #include <minix/config.h>
configure:4399: result: no
configure:4399: checking minix/config.h presence
configure:4399: xscale-none-linux-gnueabi-gcc -E  conftest.c
conftest.c:21:26: error: minix/config.h: No such file or directory
configure:4399: $? = 1
configure: failed program was:
| /* confdefs.h */
| #define PACKAGE_NAME "opkg"
| #define PACKAGE_TARNAME "opkg"
| #define PACKAGE_VERSION "0.1.8"
| #define PACKAGE_STRING "opkg 0.1.8"
| #define PACKAGE_BUGREPORT ""
| #define PACKAGE_URL ""
| #define PACKAGE "opkg"
| #define VERSION "0.1.8"
| #define STDC_HEADERS 1
| #define HAVE_SYS_TYPES_H 1
| #define HAVE_SYS_STAT_H 1
| #define HAVE_STDLIB_H 1
| #define HAVE_STRING_H 1
| #define HAVE_MEMORY_H 1
| #define HAVE_STRINGS_H 1
| #define HAVE_INTTYPES_H 1
| #define HAVE_STDINT_H 1
| #define HAVE_UNISTD_H 1
| /* end confdefs.h.  */
| #include <minix/config.h>
configure:4399: result: no
configure:4399: checking for minix/config.h
configure:4399: result: no
configure:4420: checking whether it is safe to define __EXTENSIONS__
configure:4438: xscale-none-linux-gnueabi-gcc -c -g -O2  conftest.c >&5
configure:4438: $? = 0
configure:4445: result: yes
configure:4478: checking for special C compiler options needed for large files
configure:4523: result: no
configure:4529: checking for _FILE_OFFSET_BITS value needed for large files
configure:4554: xscale-none-linux-gnueabi-gcc -c -g -O2  conftest.c >&5
conftest.c:32: warning: left shift count >= width of type
conftest.c:32: warning: left shift count >= width of type
conftest.c:34: error: size of array 'off_t_is_large' is negative
configure:4554: $? = 1
configure: failed program was:
| /* confdefs.h */
| #define PACKAGE_NAME "opkg"
| #define PACKAGE_TARNAME "opkg"
| #define PACKAGE_VERSION "0.1.8"
| #define PACKAGE_STRING "opkg 0.1.8"
| #define PACKAGE_BUGREPORT ""
| #define PACKAGE_URL ""
| #define PACKAGE "opkg"
| #define VERSION "0.1.8"
| #define STDC_HEADERS 1
| #define HAVE_SYS_TYPES_H 1
| #define HAVE_SYS_STAT_H 1
| #define HAVE_STDLIB_H 1
| #define HAVE_STRING_H 1
| #define HAVE_MEMORY_H 1
| #define HAVE_STRINGS_H 1
| #define HAVE_INTTYPES_H 1
| #define HAVE_STDINT_H 1
| #define HAVE_UNISTD_H 1
| #define __EXTENSIONS__ 1
| #define _ALL_SOURCE 1
| #define _GNU_SOURCE 1
| #define _POSIX_PTHREAD_SEMANTICS 1
| #define _TANDEM_SOURCE 1
| /* end confdefs.h.  */
| #include <sys/types.h>
|  /* Check that off_t can represent 2**63 - 1 correctly.
|     We can't simply define LARGE_OFF_T to be 9223372036854775807,
|     since some C++ compilers masquerading as C compilers
|     incorrectly reject 9223372036854775807.  */
| #define LARGE_OFF_T (((off_t) 1 << 62) - 1 + ((off_t) 1 << 62))
|   int off_t_is_large[(LARGE_OFF_T % 2147483629 == 721
| 		       && LARGE_OFF_T % 2147483647 == 1)
| 		      ? 1 : -1];
| int
| main ()
| {
| 
|   ;
|   return 0;
| }
configure:4578: xscale-none-linux-gnueabi-gcc -c -g -O2  conftest.c >&5
configure:4578: $? = 0
configure:4586: result: 64
configure:4676: checking for gawk
configure:4703: result: gawk
configure:4722: checking for xscale-none-linux-gnueabi-gcc
configure:4749: result: xscale-none-linux-gnueabi-gcc
configure:5018: checking for C compiler version
configure:5027: xscale-none-linux-gnueabi-gcc --version >&5
arm-none-linux-gnueabi-gcc (GCC) 4.4.2
Copyright (C) 2009 Free Software Foundation, Inc.
This is free software; see the source for copying conditions.  There is NO
warranty; not even for MERCHANTABILITY or FITNESS FOR A PARTICULAR PURPOSE.

configure:5038: $? = 0
configure:5027: xscale-none-linux-gnueabi-gcc -v >&5
Using built-in specs.
Target: arm-none-linux-gnueabi
Configured with: ../gcc-4.4.2/configure --host=i686-pc-linux --build=i686-pc-linux --target=arm-none-linux-gnueabi --prefix=/usr/local/arm-linux-4.4.2-v4 --with-gmp=/usr/local/arm-linux-4.4.2-v4/tools --with-mpc=/usr/local/arm-linux-4.4.2-v4/tools --with-mpfr=/usr/local/arm-linux-4.4.2-v4/tools --with-headers=/home/work/stdlinux/host/mkcompiler/../../linux-2.6.23/include --with-gnu-ld --with-gnu-as --without-newlib --enable-long-long --disable-libada --without-cvs --disable-libgomp --disable-libmudflap --disable-libssp --enable-threads --enable-__cxa_atexit --enable-shared --enable-languages=c,c++ --with-system-zlib --enable-multilib
Thread model: posix
gcc version 4.4.2 (GCC) 
configure:5038: $? = 0
configure:5027: xscale-none-linux-gnueabi-gcc -V >&5
arm-none-linux-gnueabi-gcc: '-V' must come at the start of the command line
configure:5038: $? = 1
configure:5027: xscale-none-linux-gnueabi-gcc -qversion >&5
arm-none-linux-gnueabi-gcc: unrecognized option '-qversion'
arm-none-linux-gnueabi-gcc: no input files
configure:5038: $? = 1
configure:5042: checking whether we are using the GNU C compiler
configure:5070: result: yes
configure:5079: checking whether xscale-none-linux-gnueabi-gcc accepts -g
configure:5140: result: yes
configure:5157: checking for xscale-none-linux-gnueabi-gcc option to accept ISO C89
configure:5234: result: none needed
configure:5256: checking dependency style of xscale-none-linux-gnueabi-gcc
configure:5347: result: gcc3
configure:5363: checking whether ln -s works
configure:5367: result: yes
configure:5382: checking for xscale-none-linux-gnueabi-strip
configure:5409: result: xscale-none-linux-gnueabi-strip
configure:5546: checking for a sed that does not truncate output
configure:5602: result: /bin/sed
configure:5616: checking for ld used by xscale-none-linux-gnueabi-gcc
configure:5683: result: /usr/local/arm-linux-4.4.2-v4/libexec/gcc/arm-none-linux-gnueabi/4.4.2/ld
configure:5690: checking if the linker (/usr/local/arm-linux-4.4.2-v4/libexec/gcc/arm-none-linux-gnueabi/4.4.2/ld) is GNU ld
configure:5705: result: yes
configure:5710: checking for /usr/local/arm-linux-4.4.2-v4/libexec/gcc/arm-none-linux-gnueabi/4.4.2/ld option to reload object files
configure:5717: result: -r
configure:5735: checking for BSD-compatible nm
configure:5784: result: /usr/local/arm-linux-4.4.2-v4/bin/xscale-none-linux-gnueabi-nm -B
configure:5788: checking how to recognize dependent libraries
configure:5974: result: pass_all
configure:6190: checking dlfcn.h usability
configure:6190: xscale-none-linux-gnueabi-gcc -c -g -O2  conftest.c >&5
configure:6190: $? = 0
configure:6190: result: yes
configure:6190: checking dlfcn.h presence
configure:6190: xscale-none-linux-gnueabi-gcc -E  conftest.c
configure:6190: $? = 0
configure:6190: result: yes
configure:6190: checking for dlfcn.h
configure:6190: result: yes
configure:6203: checking the maximum length of command line arguments
configure:6315: result: 805306365
configure:6327: checking command to parse /usr/local/arm-linux-4.4.2-v4/bin/xscale-none-linux-gnueabi-nm -B output from xscale-none-linux-gnueabi-gcc object
configure:6432: xscale-none-linux-gnueabi-gcc -c -g -O2  conftest.c >&5
configure:6435: $? = 0
configure:6439: /usr/local/arm-linux-4.4.2-v4/bin/xscale-none-linux-gnueabi-nm -B conftest.o \| sed -n -e 's/^.*[ 	]\([ABCDGIRSTW][ABCDGIRSTW]*\)[ 	][ 	]*\([_A-Za-z][_A-Za-z0-9]*\)$/\1 \2 \2/p' \> conftest.nm
configure:6442: $? = 0
configure:6494: xscale-none-linux-gnueabi-gcc -o conftest -g -O2   conftest.c conftstm.o >&5
configure:6497: $? = 0
configure:6535: result: ok
configure:6539: checking for objdir
configure:6554: result: .libs
configure:6606: checking for xscale-none-linux-gnueabi-ar
configure:6622: found /usr/local/arm-linux-4.4.2-v4/bin/xscale-none-linux-gnueabi-ar
configure:6633: result: xscale-none-linux-gnueabi-ar
configure:6698: checking for xscale-none-linux-gnueabi-ranlib
configure:6714: found /usr/local/arm-linux-4.4.2-v4/bin/xscale-none-linux-gnueabi-ranlib
configure:6725: result: xscale-none-linux-gnueabi-ranlib
configure:6790: checking for xscale-none-linux-gnueabi-strip
configure:6817: result: xscale-none-linux-gnueabi-strip
configure:7418: checking if xscale-none-linux-gnueabi-gcc supports -fno-rtti -fno-exceptions
configure:7436: xscale-none-linux-gnueabi-gcc -c -g -O2  -fno-rtti -fno-exceptions conftest.c >&5
cc1: warning: command line option "-fno-rtti" is valid for C++/ObjC++ but not for C
configure:7440: $? = 0
configure:7453: result: no
configure:7468: checking for xscale-none-linux-gnueabi-gcc option to produce PIC
configure:7700: result: -fPIC
configure:7708: checking if xscale-none-linux-gnueabi-gcc PIC flag -fPIC works
configure:7726: xscale-none-linux-gnueabi-gcc -c -g -O2  -fPIC -DPIC conftest.c >&5
configure:7730: $? = 0
configure:7743: result: yes
configure:7771: checking if xscale-none-linux-gnueabi-gcc static flag -static works
configure:7799: result: yes
configure:7809: checking if xscale-none-linux-gnueabi-gcc supports -c -o file.o
configure:7830: xscale-none-linux-gnueabi-gcc -c -g -O2  -o out/conftest2.o conftest.c >&5
configure:7834: $? = 0
configure:7856: result: yes
configure:7882: checking whether the xscale-none-linux-gnueabi-gcc linker (/usr/local/arm-linux-4.4.2-v4/libexec/gcc/arm-none-linux-gnueabi/4.4.2/ld) supports shared libraries
configure:8808: result: yes
configure:8829: checking whether -lc should be explicitly linked in
configure:8834: xscale-none-linux-gnueabi-gcc -c -g -O2  conftest.c >&5
configure:8837: $? = 0
configure:8852: xscale-none-linux-gnueabi-gcc -shared conftest.o  -v -Wl,-soname -Wl,conftest -o conftest 2\>\&1 \| grep  -lc  \>/dev/null 2\>\&1
configure:8855: $? = 0
configure:8867: result: no
configure:8875: checking dynamic linker characteristics
configure:9477: result: GNU/Linux ld.so
configure:9501: checking how to hardcode library paths into programs
configure:9526: result: immediate
configure:9540: checking whether stripping libraries is possible
configure:9545: result: yes
configure:10062: checking if libtool supports shared libraries
configure:10064: result: yes
configure:10067: checking whether to build shared libraries
configure:10088: result: yes
configure:10091: checking whether to build static libraries
configure:10095: result: yes
configure:10189: creating libtool
configure:13759: checking for xscale-none-linux-gnueabi-pkg-config
configure:13792: result: no
configure:13802: checking for pkg-config
configure:13820: found /usr/bin/pkg-config
configure:13832: result: /usr/bin/pkg-config
configure:13844: WARNING: using cross tools not prefixed with host triplet
configure:13857: checking pkg-config is at least version 0.20
configure:13860: result: yes
configure:14352: checking for dirent.h that defines DIR
configure:14371: xscale-none-linux-gnueabi-gcc -c -g -O2  conftest.c >&5
configure:14371: $? = 0
configure:14379: result: yes
configure:14392: checking for library containing opendir
configure:14423: xscale-none-linux-gnueabi-gcc -o conftest -g -O2   conftest.c  >&5
configure:14423: $? = 0
configure:14440: result: none required
configure:14507: checking for ANSI C header files
configure:14611: result: yes
configure:14619: checking for sys/wait.h that is POSIX.1 compatible
configure:14645: xscale-none-linux-gnueabi-gcc -c -g -O2  conftest.c >&5
configure:14645: $? = 0
configure:14652: result: yes
configure:14663: checking errno.h usability
configure:14663: xscale-none-linux-gnueabi-gcc -c -g -O2  conftest.c >&5
configure:14663: $? = 0
configure:14663: result: yes
configure:14663: checking errno.h presence
configure:14663: xscale-none-linux-gnueabi-gcc -E  conftest.c
configure:14663: $? = 0
configure:14663: result: yes
configure:14663: checking for errno.h
configure:14663: result: yes
configure:14663: checking fcntl.h usability
configure:14663: xscale-none-linux-gnueabi-gcc -c -g -O2  conftest.c >&5
configure:14663: $? = 0
configure:14663: result: yes
configure:14663: checking fcntl.h presence
configure:14663: xscale-none-linux-gnueabi-gcc -E  conftest.c
configure:14663: $? = 0
configure:14663: result: yes
configure:14663: checking for fcntl.h
configure:14663: result: yes
configure:14663: checking for memory.h
configure:14663: result: yes
configure:14663: checking regex.h usability
configure:14663: xscale-none-linux-gnueabi-gcc -c -g -O2  conftest.c >&5
configure:14663: $? = 0
configure:14663: result: yes
configure:14663: checking regex.h presence
configure:14663: xscale-none-linux-gnueabi-gcc -E  conftest.c
configure:14663: $? = 0
configure:14663: result: yes
configure:14663: checking for regex.h
configure:14663: result: yes
configure:14663: checking stddef.h usability
configure:14663: xscale-none-linux-gnueabi-gcc -c -g -O2  conftest.c >&5
configure:14663: $? = 0
configure:14663: result: yes
configure:14663: checking stddef.h presence
configure:14663: xscale-none-linux-gnueabi-gcc -E  conftest.c
configure:14663: $? = 0
configure:14663: result: yes
configure:14663: checking for stddef.h
configure:14663: result: yes
configure:14663: checking for stdlib.h
configure:14663: result: yes
configure:14663: checking for string.h
configure:14663: result: yes
configure:14663: checking for strings.h
configure:14663: result: yes
configure:14663: checking for unistd.h
configure:14663: result: yes
configure:14663: checking utime.h usability
configure:14663: xscale-none-linux-gnueabi-gcc -c -g -O2  conftest.c >&5
configure:14663: $? = 0
configure:14663: result: yes
configure:14663: checking utime.h presence
configure:14663: xscale-none-linux-gnueabi-gcc -E  conftest.c
configure:14663: $? = 0
configure:14663: result: yes
configure:14663: checking for utime.h
configure:14663: result: yes
configure:14675: checking for an ANSI C-conforming const
configure:14740: xscale-none-linux-gnueabi-gcc -c -g -O2  conftest.c >&5
configure:14740: $? = 0
configure:14747: result: yes
configure:14755: checking for uid_t in sys/types.h
configure:14774: result: yes
configure:14785: checking for mode_t
configure:14785: xscale-none-linux-gnueabi-gcc -c -g -O2  conftest.c >&5
configure:14785: $? = 0
configure:14785: xscale-none-linux-gnueabi-gcc -c -g -O2  conftest.c >&5
conftest.c: In function 'main':
conftest.c:78: error: expected expression before ')' token
configure:14785: $? = 1
configure: failed program was:
| /* confdefs.h */
| #define PACKAGE_NAME "opkg"
| #define PACKAGE_TARNAME "opkg"
| #define PACKAGE_VERSION "0.1.8"
| #define PACKAGE_STRING "opkg 0.1.8"
| #define PACKAGE_BUGREPORT ""
| #define PACKAGE_URL ""
| #define PACKAGE "opkg"
| #define VERSION "0.1.8"
| #define STDC_HEADERS 1
| #define HAVE_SYS_TYPES_H 1
| #define HAVE_SYS_STAT_H 1
| #define HAVE_STDLIB_H 1
| #define HAVE_STRING_H 1
| #define HAVE_MEMORY_H 1
| #define HAVE_STRINGS_H 1
| #define HAVE_INTTYPES_H 1
| #define HAVE_STDINT_H 1
| #define HAVE_UNISTD_H 1
| #define __EXTENSIONS__ 1
| #define _ALL_SOURCE 1
| #define _GNU_SOURCE 1
| #define _POSIX_PTHREAD_SEMANTICS 1
| #define _TANDEM_SOURCE 1
| #define _FILE_OFFSET_BITS 64
| #define HAVE_DLFCN_H 1
| #define HAVE_SHA256 1
| #define HAVE_DIRENT_H 1
| #define STDC_HEADERS 1
| #define HAVE_SYS_WAIT_H 1
| #define HAVE_ERRNO_H 1
| #define HAVE_FCNTL_H 1
| #define HAVE_MEMORY_H 1
| #define HAVE_REGEX_H 1
| #define HAVE_STDDEF_H 1
| #define HAVE_STDLIB_H 1
| #define HAVE_STRING_H 1
| #define HAVE_STRINGS_H 1
| #define HAVE_UNISTD_H 1
| #define HAVE_UTIME_H 1
| /* end confdefs.h.  */
| #include <stdio.h>
| #ifdef HAVE_SYS_TYPES_H
| # include <sys/types.h>
| #endif
| #ifdef HAVE_SYS_STAT_H
| # include <sys/stat.h>
| #endif
| #ifdef STDC_HEADERS
| # include <stdlib.h>
| # include <stddef.h>
| #else
| # ifdef HAVE_STDLIB_H
| #  include <stdlib.h>
| # endif
| #endif
| #ifdef HAVE_STRING_H
| # if !defined STDC_HEADERS && defined HAVE_MEMORY_H
| #  include <memory.h>
| # endif
| # include <string.h>
| #endif
| #ifdef HAVE_STRINGS_H
| # include <strings.h>
| #endif
| #ifdef HAVE_INTTYPES_H
| # include <inttypes.h>
| #endif
| #ifdef HAVE_STDINT_H
| # include <stdint.h>
| #endif
| #ifdef HAVE_UNISTD_H
| # include <unistd.h>
| #endif
| int
| main ()
| {
| if (sizeof ((mode_t)))
| 	    return 0;
|   ;
|   return 0;
| }
configure:14785: result: yes
configure:14796: checking for off_t
configure:14796: xscale-none-linux-gnueabi-gcc -c -g -O2  conftest.c >&5
configure:14796: $? = 0
configure:14796: xscale-none-linux-gnueabi-gcc -c -g -O2  conftest.c >&5
conftest.c: In function 'main':
conftest.c:78: error: expected expression before ')' token
configure:14796: $? = 1
configure: failed program was:
| /* confdefs.h */
| #define PACKAGE_NAME "opkg"
| #define PACKAGE_TARNAME "opkg"
| #define PACKAGE_VERSION "0.1.8"
| #define PACKAGE_STRING "opkg 0.1.8"
| #define PACKAGE_BUGREPORT ""
| #define PACKAGE_URL ""
| #define PACKAGE "opkg"
| #define VERSION "0.1.8"
| #define STDC_HEADERS 1
| #define HAVE_SYS_TYPES_H 1
| #define HAVE_SYS_STAT_H 1
| #define HAVE_STDLIB_H 1
| #define HAVE_STRING_H 1
| #define HAVE_MEMORY_H 1
| #define HAVE_STRINGS_H 1
| #define HAVE_INTTYPES_H 1
| #define HAVE_STDINT_H 1
| #define HAVE_UNISTD_H 1
| #define __EXTENSIONS__ 1
| #define _ALL_SOURCE 1
| #define _GNU_SOURCE 1
| #define _POSIX_PTHREAD_SEMANTICS 1
| #define _TANDEM_SOURCE 1
| #define _FILE_OFFSET_BITS 64
| #define HAVE_DLFCN_H 1
| #define HAVE_SHA256 1
| #define HAVE_DIRENT_H 1
| #define STDC_HEADERS 1
| #define HAVE_SYS_WAIT_H 1
| #define HAVE_ERRNO_H 1
| #define HAVE_FCNTL_H 1
| #define HAVE_MEMORY_H 1
| #define HAVE_REGEX_H 1
| #define HAVE_STDDEF_H 1
| #define HAVE_STDLIB_H 1
| #define HAVE_STRING_H 1
| #define HAVE_STRINGS_H 1
| #define HAVE_UNISTD_H 1
| #define HAVE_UTIME_H 1
| /* end confdefs.h.  */
| #include <stdio.h>
| #ifdef HAVE_SYS_TYPES_H
| # include <sys/types.h>
| #endif
| #ifdef HAVE_SYS_STAT_H
| # include <sys/stat.h>
| #endif
| #ifdef STDC_HEADERS
| # include <stdlib.h>
| # include <stddef.h>
| #else
| # ifdef HAVE_STDLIB_H
| #  include <stdlib.h>
| # endif
| #endif
| #ifdef HAVE_STRING_H
| # if !defined STDC_HEADERS && defined HAVE_MEMORY_H
| #  include <memory.h>
| # endif
| # include <string.h>
| #endif
| #ifdef HAVE_STRINGS_H
| # include <strings.h>
| #endif
| #ifdef HAVE_INTTYPES_H
| # include <inttypes.h>
| #endif
| #ifdef HAVE_STDINT_H
| # include <stdint.h>
| #endif
| #ifdef HAVE_UNISTD_H
| # include <unistd.h>
| #endif
| int
| main ()
| {
| if (sizeof ((off_t)))
| 	    return 0;
|   ;
|   return 0;
| }
configure:14796: result: yes
configure:14807: checking for pid_t
configure:14807: xscale-none-linux-gnueabi-gcc -c -g -O2  conftest.c >&5
configure:14807: $? = 0
configure:14807: xscale-none-linux-gnueabi-gcc -c -g -O2  conftest.c >&5
conftest.c: In function 'main':
conftest.c:78: error: expected expression before ')' token
configure:14807: $? = 1
configure: failed program was:
| /* confdefs.h */
| #define PACKAGE_NAME "opkg"
| #define PACKAGE_TARNAME "opkg"
| #define PACKAGE_VERSION "0.1.8"
| #define PACKAGE_STRING "opkg 0.1.8"
| #define PACKAGE_BUGREPORT ""
| #define PACKAGE_URL ""
| #define PACKAGE "opkg"
| #define VERSION "0.1.8"
| #define STDC_HEADERS 1
| #define HAVE_SYS_TYPES_H 1
| #define HAVE_SYS_STAT_H 1
| #define HAVE_STDLIB_H 1
| #define HAVE_STRING_H 1
| #define HAVE_MEMORY_H 1
| #define HAVE_STRINGS_H 1
| #define HAVE_INTTYPES_H 1
| #define HAVE_STDINT_H 1
| #define HAVE_UNISTD_H 1
| #define __EXTENSIONS__ 1
| #define _ALL_SOURCE 1
| #define _GNU_SOURCE 1
| #define _POSIX_PTHREAD_SEMANTICS 1
| #define _TANDEM_SOURCE 1
| #define _FILE_OFFSET_BITS 64
| #define HAVE_DLFCN_H 1
| #define HAVE_SHA256 1
| #define HAVE_DIRENT_H 1
| #define STDC_HEADERS 1
| #define HAVE_SYS_WAIT_H 1
| #define HAVE_ERRNO_H 1
| #define HAVE_FCNTL_H 1
| #define HAVE_MEMORY_H 1
| #define HAVE_REGEX_H 1
| #define HAVE_STDDEF_H 1
| #define HAVE_STDLIB_H 1
| #define HAVE_STRING_H 1
| #define HAVE_STRINGS_H 1
| #define HAVE_UNISTD_H 1
| #define HAVE_UTIME_H 1
| /* end confdefs.h.  */
| #include <stdio.h>
| #ifdef HAVE_SYS_TYPES_H
| # include <sys/types.h>
| #endif
| #ifdef HAVE_SYS_STAT_H
| # include <sys/stat.h>
| #endif
| #ifdef STDC_HEADERS
| # include <stdlib.h>
| # include <stddef.h>
| #else
| # ifdef HAVE_STDLIB_H
| #  include <stdlib.h>
| # endif
| #endif
| #ifdef HAVE_STRING_H
| # if !defined STDC_HEADERS && defined HAVE_MEMORY_H
| #  include <memory.h>
| # endif
| # include <string.h>
| #endif
| #ifdef HAVE_STRINGS_H
| # include <strings.h>
| #endif
| #ifdef HAVE_INTTYPES_H
| # include <inttypes.h>
| #endif
| #ifdef HAVE_STDINT_H
| # include <stdint.h>
| #endif
| #ifdef HAVE_UNISTD_H
| # include <unistd.h>
| #endif
| int
| main ()
| {
| if (sizeof ((pid_t)))
| 	    return 0;
|   ;
|   return 0;
| }
configure:14807: result: yes
configure:14818: checking for size_t
configure:14818: xscale-none-linux-gnueabi-gcc -c -g -O2  conftest.c >&5
configure:14818: $? = 0
configure:14818: xscale-none-linux-gnueabi-gcc -c -g -O2  conftest.c >&5
conftest.c: In function 'main':
conftest.c:78: error: expected expression before ')' token
configure:14818: $? = 1
configure: failed program was:
| /* confdefs.h */
| #define PACKAGE_NAME "opkg"
| #define PACKAGE_TARNAME "opkg"
| #define PACKAGE_VERSION "0.1.8"
| #define PACKAGE_STRING "opkg 0.1.8"
| #define PACKAGE_BUGREPORT ""
| #define PACKAGE_URL ""
| #define PACKAGE "opkg"
| #define VERSION "0.1.8"
| #define STDC_HEADERS 1
| #define HAVE_SYS_TYPES_H 1
| #define HAVE_SYS_STAT_H 1
| #define HAVE_STDLIB_H 1
| #define HAVE_STRING_H 1
| #define HAVE_MEMORY_H 1
| #define HAVE_STRINGS_H 1
| #define HAVE_INTTYPES_H 1
| #define HAVE_STDINT_H 1
| #define HAVE_UNISTD_H 1
| #define __EXTENSIONS__ 1
| #define _ALL_SOURCE 1
| #define _GNU_SOURCE 1
| #define _POSIX_PTHREAD_SEMANTICS 1
| #define _TANDEM_SOURCE 1
| #define _FILE_OFFSET_BITS 64
| #define HAVE_DLFCN_H 1
| #define HAVE_SHA256 1
| #define HAVE_DIRENT_H 1
| #define STDC_HEADERS 1
| #define HAVE_SYS_WAIT_H 1
| #define HAVE_ERRNO_H 1
| #define HAVE_FCNTL_H 1
| #define HAVE_MEMORY_H 1
| #define HAVE_REGEX_H 1
| #define HAVE_STDDEF_H 1
| #define HAVE_STDLIB_H 1
| #define HAVE_STRING_H 1
| #define HAVE_STRINGS_H 1
| #define HAVE_UNISTD_H 1
| #define HAVE_UTIME_H 1
| /* end confdefs.h.  */
| #include <stdio.h>
| #ifdef HAVE_SYS_TYPES_H
| # include <sys/types.h>
| #endif
| #ifdef HAVE_SYS_STAT_H
| # include <sys/stat.h>
| #endif
| #ifdef STDC_HEADERS
| # include <stdlib.h>
| # include <stddef.h>
| #else
| # ifdef HAVE_STDLIB_H
| #  include <stdlib.h>
| # endif
| #endif
| #ifdef HAVE_STRING_H
| # if !defined STDC_HEADERS && defined HAVE_MEMORY_H
| #  include <memory.h>
| # endif
| # include <string.h>
| #endif
| #ifdef HAVE_STRINGS_H
| # include <strings.h>
| #endif
| #ifdef HAVE_INTTYPES_H
| # include <inttypes.h>
| #endif
| #ifdef HAVE_STDINT_H
| # include <stdint.h>
| #endif
| #ifdef HAVE_UNISTD_H
| # include <unistd.h>
| #endif
| int
| main ()
| {
| if (sizeof ((size_t)))
| 	    return 0;
|   ;
|   return 0;
| }
configure:14818: result: yes
configure:14829: checking for struct stat.st_rdev
configure:14829: xscale-none-linux-gnueabi-gcc -c -g -O2  conftest.c >&5
configure:14829: $? = 0
configure:14829: result: yes
configure:14841: checking whether byte ordering is bigendian
configure:14856: xscale-none-linux-gnueabi-gcc -c -g -O2  conftest.c >&5
conftest.c:44: error: expected '=', ',', ';', 'asm' or '__attribute__' before 'a'
configure:14856: $? = 1
configure: failed program was:
| /* confdefs.h */
| #define PACKAGE_NAME "opkg"
| #define PACKAGE_TARNAME "opkg"
| #define PACKAGE_VERSION "0.1.8"
| #define PACKAGE_STRING "opkg 0.1.8"
| #define PACKAGE_BUGREPORT ""
| #define PACKAGE_URL ""
| #define PACKAGE "opkg"
| #define VERSION "0.1.8"
| #define STDC_HEADERS 1
| #define HAVE_SYS_TYPES_H 1
| #define HAVE_SYS_STAT_H 1
| #define HAVE_STDLIB_H 1
| #define HAVE_STRING_H 1
| #define HAVE_MEMORY_H 1
| #define HAVE_STRINGS_H 1
| #define HAVE_INTTYPES_H 1
| #define HAVE_STDINT_H 1
| #define HAVE_UNISTD_H 1
| #define __EXTENSIONS__ 1
| #define _ALL_SOURCE 1
| #define _GNU_SOURCE 1
| #define _POSIX_PTHREAD_SEMANTICS 1
| #define _TANDEM_SOURCE 1
| #define _FILE_OFFSET_BITS 64
| #define HAVE_DLFCN_H 1
| #define HAVE_SHA256 1
| #define HAVE_DIRENT_H 1
| #define STDC_HEADERS 1
| #define HAVE_SYS_WAIT_H 1
| #define HAVE_ERRNO_H 1
| #define HAVE_FCNTL_H 1
| #define HAVE_MEMORY_H 1
| #define HAVE_REGEX_H 1
| #define HAVE_STDDEF_H 1
| #define HAVE_STDLIB_H 1
| #define HAVE_STRING_H 1
| #define HAVE_STRINGS_H 1
| #define HAVE_UNISTD_H 1
| #define HAVE_UTIME_H 1
| #define HAVE_STRUCT_STAT_ST_RDEV 1
| /* end confdefs.h.  */
| #ifndef __APPLE_CC__
| 	       not a universal capable compiler
| 	     #endif
| 	     typedef int dummy;
| 
configure:14901: xscale-none-linux-gnueabi-gcc -c -g -O2  conftest.c >&5
configure:14901: $? = 0
configure:14919: xscale-none-linux-gnueabi-gcc -c -g -O2  conftest.c >&5
configure:14919: $? = 0
configure:15047: result: yes
configure:15075: checking for unistd.h
configure:15075: result: yes
configure:15085: checking for working chown
configure:15130: result: no
configure:15140: checking vfork.h usability
configure:15140: xscale-none-linux-gnueabi-gcc -c -g -O2  conftest.c >&5
conftest.c:77:19: error: vfork.h: No such file or directory
configure:15140: $? = 1
configure: failed program was:
| /* confdefs.h */
| #define PACKAGE_NAME "opkg"
| #define PACKAGE_TARNAME "opkg"
| #define PACKAGE_VERSION "0.1.8"
| #define PACKAGE_STRING "opkg 0.1.8"
| #define PACKAGE_BUGREPORT ""
| #define PACKAGE_URL ""
| #define PACKAGE "opkg"
| #define VERSION "0.1.8"
| #define STDC_HEADERS 1
| #define HAVE_SYS_TYPES_H 1
| #define HAVE_SYS_STAT_H 1
| #define HAVE_STDLIB_H 1
| #define HAVE_STRING_H 1
| #define HAVE_MEMORY_H 1
| #define HAVE_STRINGS_H 1
| #define HAVE_INTTYPES_H 1
| #define HAVE_STDINT_H 1
| #define HAVE_UNISTD_H 1
| #define __EXTENSIONS__ 1
| #define _ALL_SOURCE 1
| #define _GNU_SOURCE 1
| #define _POSIX_PTHREAD_SEMANTICS 1
| #define _TANDEM_SOURCE 1
| #define _FILE_OFFSET_BITS 64
| #define HAVE_DLFCN_H 1
| #define HAVE_SHA256 1
| #define HAVE_DIRENT_H 1
| #define STDC_HEADERS 1
| #define HAVE_SYS_WAIT_H 1
| #define HAVE_ERRNO_H 1
| #define HAVE_FCNTL_H 1
| #define HAVE_MEMORY_H 1
| #define HAVE_REGEX_H 1
| #define HAVE_STDDEF_H 1
| #define HAVE_STDLIB_H 1
| #define HAVE_STRING_H 1
| #define HAVE_STRINGS_H 1
| #define HAVE_UNISTD_H 1
| #define HAVE_UTIME_H 1
| #define HAVE_STRUCT_STAT_ST_RDEV 1
| #define HAVE_UNISTD_H 1
| /* end confdefs.h.  */
| #include <stdio.h>
| #ifdef HAVE_SYS_TYPES_H
| # include <sys/types.h>
| #endif
| #ifdef HAVE_SYS_STAT_H
| # include <sys/stat.h>
| #endif
| #ifdef STDC_HEADERS
| # include <stdlib.h>
| # include <stddef.h>
| #else
| # ifdef HAVE_STDLIB_H
| #  include <stdlib.h>
| # endif
| #endif
| #ifdef HAVE_STRING_H
| # if !defined STDC_HEADERS && defined HAVE_MEMORY_H
| #  include <memory.h>
| # endif
| # include <string.h>
| #endif
| #ifdef HAVE_STRINGS_H
| # include <strings.h>
| #endif
| #ifdef HAVE_INTTYPES_H
| # include <inttypes.h>
| #endif
| #ifdef HAVE_STDINT_H
| # include <stdint.h>
| #endif
| #ifdef HAVE_UNISTD_H
| # include <unistd.h>
| #endif
| #include <vfork.h>
configure:15140: result: no
configure:15140: checking vfork.h presence
configure:15140: xscale-none-linux-gnueabi-gcc -E  conftest.c
conftest.c:44:19: error: vfork.h: No such file or directory
configure:15140: $? = 1
configure: failed program was:
| /* confdefs.h */
| #define PACKAGE_NAME "opkg"
| #define PACKAGE_TARNAME "opkg"
| #define PACKAGE_VERSION "0.1.8"
| #define PACKAGE_STRING "opkg 0.1.8"
| #define PACKAGE_BUGREPORT ""
| #define PACKAGE_URL ""
| #define PACKAGE "opkg"
| #define VERSION "0.1.8"
| #define STDC_HEADERS 1
| #define HAVE_SYS_TYPES_H 1
| #define HAVE_SYS_STAT_H 1
| #define HAVE_STDLIB_H 1
| #define HAVE_STRING_H 1
| #define HAVE_MEMORY_H 1
| #define HAVE_STRINGS_H 1
| #define HAVE_INTTYPES_H 1
| #define HAVE_STDINT_H 1
| #define HAVE_UNISTD_H 1
| #define __EXTENSIONS__ 1
| #define _ALL_SOURCE 1
| #define _GNU_SOURCE 1
| #define _POSIX_PTHREAD_SEMANTICS 1
| #define _TANDEM_SOURCE 1
| #define _FILE_OFFSET_BITS 64
| #define HAVE_DLFCN_H 1
| #define HAVE_SHA256 1
| #define HAVE_DIRENT_H 1
| #define STDC_HEADERS 1
| #define HAVE_SYS_WAIT_H 1
| #define HAVE_ERRNO_H 1
| #define HAVE_FCNTL_H 1
| #define HAVE_MEMORY_H 1
| #define HAVE_REGEX_H 1
| #define HAVE_STDDEF_H 1
| #define HAVE_STDLIB_H 1
| #define HAVE_STRING_H 1
| #define HAVE_STRINGS_H 1
| #define HAVE_UNISTD_H 1
| #define HAVE_UTIME_H 1
| #define HAVE_STRUCT_STAT_ST_RDEV 1
| #define HAVE_UNISTD_H 1
| /* end confdefs.h.  */
| #include <vfork.h>
configure:15140: result: no
configure:15140: checking for vfork.h
configure:15140: result: no
configure:15153: checking for fork
configure:15153: xscale-none-linux-gnueabi-gcc -o conftest -g -O2   conftest.c  >&5
conftest.c:67: warning: conflicting types for built-in function 'fork'
configure:15153: $? = 0
configure:15153: result: yes
configure:15153: checking for vfork
configure:15153: xscale-none-linux-gnueabi-gcc -o conftest -g -O2   conftest.c  >&5
configure:15153: $? = 0
configure:15153: result: yes
configure:15163: checking for working fork
configure:15195: result: cross
configure:15211: WARNING: result yes guessed because of cross compilation
configure:15216: checking for working vfork
configure:15326: result: yes
configure:15351: checking return type of signal handlers
configure:15369: xscale-none-linux-gnueabi-gcc -c -g -O2  conftest.c >&5
conftest.c: In function 'main':
conftest.c:54: error: void value not ignored as it ought to be
configure:15369: $? = 1
configure: failed program was:
| /* confdefs.h */
| #define PACKAGE_NAME "opkg"
| #define PACKAGE_TARNAME "opkg"
| #define PACKAGE_VERSION "0.1.8"
| #define PACKAGE_STRING "opkg 0.1.8"
| #define PACKAGE_BUGREPORT ""
| #define PACKAGE_URL ""
| #define PACKAGE "opkg"
| #define VERSION "0.1.8"
| #define STDC_HEADERS 1
| #define HAVE_SYS_TYPES_H 1
| #define HAVE_SYS_STAT_H 1
| #define HAVE_STDLIB_H 1
| #define HAVE_STRING_H 1
| #define HAVE_MEMORY_H 1
| #define HAVE_STRINGS_H 1
| #define HAVE_INTTYPES_H 1
| #define HAVE_STDINT_H 1
| #define HAVE_UNISTD_H 1
| #define __EXTENSIONS__ 1
| #define _ALL_SOURCE 1
| #define _GNU_SOURCE 1
| #define _POSIX_PTHREAD_SEMANTICS 1
| #define _TANDEM_SOURCE 1
| #define _FILE_OFFSET_BITS 64
| #define HAVE_DLFCN_H 1
| #define HAVE_SHA256 1
| #define HAVE_DIRENT_H 1
| #define STDC_HEADERS 1
| #define HAVE_SYS_WAIT_H 1
| #define HAVE_ERRNO_H 1
| #define HAVE_FCNTL_H 1
| #define HAVE_MEMORY_H 1
| #define HAVE_REGEX_H 1
| #define HAVE_STDDEF_H 1
| #define HAVE_STDLIB_H 1
| #define HAVE_STRING_H 1
| #define HAVE_STRINGS_H 1
| #define HAVE_UNISTD_H 1
| #define HAVE_UTIME_H 1
| #define HAVE_STRUCT_STAT_ST_RDEV 1
| #define HAVE_UNISTD_H 1
| #define HAVE_FORK 1
| #define HAVE_VFORK 1
| #define HAVE_WORKING_VFORK 1
| #define HAVE_WORKING_FORK 1
| /* end confdefs.h.  */
| #include <sys/types.h>
| #include <signal.h>
| 
| int
| main ()
| {
| return *(signal (0, 0)) (0) == 1;
|   ;
|   return 0;
| }
configure:15376: result: void
configure:15390: checking for utime.h
configure:15390: result: yes
configure:15404: checking whether utime accepts a null argument
configure:15443: result: guessing yes
configure:15455: checking for vprintf
configure:15455: xscale-none-linux-gnueabi-gcc -o conftest -g -O2   conftest.c  >&5
conftest.c:74: warning: conflicting types for built-in function 'vprintf'
configure:15455: $? = 0
configure:15455: result: yes
configure:15461: checking for _doprnt
configure:15461: xscale-none-linux-gnueabi-gcc -o conftest -g -O2   conftest.c  >&5
/tmp/ccsox6z3.o: In function `main':
/home/miguel/workspace/wng_software/opkg/opkg-0.1.8-pi2p/conftest.c:86: undefined reference to `_doprnt'
collect2: ld returned 1 exit status
configure:15461: $? = 1
configure: failed program was:
| /* confdefs.h */
| #define PACKAGE_NAME "opkg"
| #define PACKAGE_TARNAME "opkg"
| #define PACKAGE_VERSION "0.1.8"
| #define PACKAGE_STRING "opkg 0.1.8"
| #define PACKAGE_BUGREPORT ""
| #define PACKAGE_URL ""
| #define PACKAGE "opkg"
| #define VERSION "0.1.8"
| #define STDC_HEADERS 1
| #define HAVE_SYS_TYPES_H 1
| #define HAVE_SYS_STAT_H 1
| #define HAVE_STDLIB_H 1
| #define HAVE_STRING_H 1
| #define HAVE_MEMORY_H 1
| #define HAVE_STRINGS_H 1
| #define HAVE_INTTYPES_H 1
| #define HAVE_STDINT_H 1
| #define HAVE_UNISTD_H 1
| #define __EXTENSIONS__ 1
| #define _ALL_SOURCE 1
| #define _GNU_SOURCE 1
| #define _POSIX_PTHREAD_SEMANTICS 1
| #define _TANDEM_SOURCE 1
| #define _FILE_OFFSET_BITS 64
| #define HAVE_DLFCN_H 1
| #define HAVE_SHA256 1
| #define HAVE_DIRENT_H 1
| #define STDC_HEADERS 1
| #define HAVE_SYS_WAIT_H 1
| #define HAVE_ERRNO_H 1
| #define HAVE_FCNTL_H 1
| #define HAVE_MEMORY_H 1
| #define HAVE_REGEX_H 1
| #define HAVE_STDDEF_H 1
| #define HAVE_STDLIB_H 1
| #define HAVE_STRING_H 1
| #define HAVE_STRINGS_H 1
| #define HAVE_UNISTD_H 1
| #define HAVE_UTIME_H 1
| #define HAVE_STRUCT_STAT_ST_RDEV 1
| #define HAVE_UNISTD_H 1
| #define HAVE_FORK 1
| #define HAVE_VFORK 1
| #define HAVE_WORKING_VFORK 1
| #define HAVE_WORKING_FORK 1
| #define RETSIGTYPE void
| #define HAVE_UTIME_H 1
| #define HAVE_UTIME_NULL 1
| #define HAVE_VPRINTF 1
| /* end confdefs.h.  */
| /* Define _doprnt to an innocuous variant, in case <limits.h> declares _doprnt.
|    For example, HP-UX 11i <limits.h> declares gettimeofday.  */
| #define _doprnt innocuous__doprnt
| 
| /* System header to define __stub macros and hopefully few prototypes,
|     which can conflict with char _doprnt (); below.
|     Prefer <limits.h> to <assert.h> if __STDC__ is defined, since
|     <limits.h> exists even on freestanding compilers.  */
| 
| #ifdef __STDC__
| # include <limits.h>
| #else
| # include <assert.h>
| #endif
| 
| #undef _doprnt
| 
| /* Override any GCC internal prototype to avoid an error.
|    Use char because int might match the return type of a GCC
|    builtin and then its argument prototype would still apply.  */
| #ifdef __cplusplus
| extern "C"
| #endif
| char _doprnt ();
| /* The GNU C library defines this for functions which it implements
|     to always fail with ENOSYS.  Some functions are actually named
|     something starting with __ and the normal name is an alias.  */
| #if defined __stub__doprnt || defined __stub____doprnt
| choke me
| #endif
| 
| int
| main ()
| {
| return _doprnt ();
|   ;
|   return 0;
| }
configure:15461: result: no
configure:15475: checking for memmove
configure:15475: xscale-none-linux-gnueabi-gcc -o conftest -g -O2   conftest.c  >&5
conftest.c:75: warning: conflicting types for built-in function 'memmove'
configure:15475: $? = 0
configure:15475: result: yes
configure:15475: checking for memset
configure:15475: xscale-none-linux-gnueabi-gcc -o conftest -g -O2   conftest.c  >&5
conftest.c:76: warning: conflicting types for built-in function 'memset'
configure:15475: $? = 0
configure:15475: result: yes
configure:15475: checking for mkdir
configure:15475: xscale-none-linux-gnueabi-gcc -o conftest -g -O2   conftest.c  >&5
configure:15475: $? = 0
configure:15475: result: yes
configure:15475: checking for regcomp
configure:15475: xscale-none-linux-gnueabi-gcc -o conftest -g -O2   conftest.c  >&5
configure:15475: $? = 0
configure:15475: result: yes
configure:15475: checking for strchr
configure:15475: xscale-none-linux-gnueabi-gcc -o conftest -g -O2   conftest.c  >&5
conftest.c:79: warning: conflicting types for built-in function 'strchr'
configure:15475: $? = 0
configure:15475: result: yes
configure:15475: checking for strcspn
configure:15475: xscale-none-linux-gnueabi-gcc -o conftest -g -O2   conftest.c  >&5
conftest.c:80: warning: conflicting types for built-in function 'strcspn'
configure:15475: $? = 0
configure:15475: result: yes
configure:15475: checking for strdup
configure:15475: xscale-none-linux-gnueabi-gcc -o conftest -g -O2   conftest.c  >&5
conftest.c:81: warning: conflicting types for built-in function 'strdup'
configure:15475: $? = 0
configure:15475: result: yes
configure:15475: checking for strerror
configure:15475: xscale-none-linux-gnueabi-gcc -o conftest -g -O2   conftest.c  >&5
configure:15475: $? = 0
configure:15475: result: yes
configure:15475: checking for strndup
configure:15475: xscale-none-linux-gnueabi-gcc -o conftest -g -O2   conftest.c  >&5
conftest.c:83: warning: conflicting types for built-in function 'strndup'
configure:15475: $? = 0
configure:15475: result: yes
configure:15475: checking for strrchr
configure:15475: xscale-none-linux-gnueabi-gcc -o conftest -g -O2   conftest.c  >&5
conftest.c:84: warning: conflicting types for built-in function 'strrchr'
configure:15475: $? = 0
configure:15475: result: yes
configure:15475: checking for strstr
configure:15475: xscale-none-linux-gnueabi-gcc -o conftest -g -O2   conftest.c  >&5
conftest.c:85: warning: conflicting types for built-in function 'strstr'
configure:15475: $? = 0
configure:15475: result: yes
configure:15475: checking for strtol
configure:15475: xscale-none-linux-gnueabi-gcc -o conftest -g -O2   conftest.c  >&5
configure:15475: $? = 0
configure:15475: result: yes
configure:15475: checking for strtoul
configure:15475: xscale-none-linux-gnueabi-gcc -o conftest -g -O2   conftest.c  >&5
configure:15475: $? = 0
configure:15475: result: yes
configure:15475: checking for sysinfo
configure:15475: xscale-none-linux-gnueabi-gcc -o conftest -g -O2   conftest.c  >&5
configure:15475: $? = 0
configure:15475: result: yes
configure:15475: checking for utime
configure:15475: xscale-none-linux-gnueabi-gcc -o conftest -g -O2   conftest.c  >&5
configure:15475: $? = 0
configure:15475: result: yes
configure:15575: checking for sed
configure:15603: result: /bin/sed
configure:15767: creating ./config.status

## ---------------------- ##
## Running config.status. ##
## ---------------------- ##

This file was extended by opkg config.status 0.1.8, which was
generated by GNU Autoconf 2.67.  Invocation command line was

  CONFIG_FILES    = 
  CONFIG_HEADERS  = 
  CONFIG_LINKS    = 
  CONFIG_COMMANDS = 
  $ ./config.status 

on miguel-c3-debian

config.status:952: creating Makefile
config.status:952: creating libopkg/Makefile
config.status:952: creating tests/Makefile
config.status:952: creating src/Makefile
config.status:952: creating libbb/Makefile
config.status:952: creating utils/Makefile
config.status:952: creating utils/update-alternatives
config.status:952: creating libopkg.pc
config.status:952: creating shave/shave
config.status:952: creating shave/shave-libtool
config.status:952: creating libopkg/config.h
config.status:1132: libopkg/config.h is unchanged
config.status:1180: executing depfiles commands

## ---------------- ##
## Cache variables. ##
## ---------------- ##

ac_cv_build=i686-pc-linux-gnu
ac_cv_c_bigendian=yes
ac_cv_c_compiler_gnu=yes
ac_cv_c_const=yes
ac_cv_env_CC_set=
ac_cv_env_CC_value=
ac_cv_env_CFLAGS_set=
ac_cv_env_CFLAGS_value=
ac_cv_env_CPPFLAGS_set=
ac_cv_env_CPPFLAGS_value=
ac_cv_env_CPP_set=
ac_cv_env_CPP_value=
ac_cv_env_CURL_CFLAGS_set=
ac_cv_env_CURL_CFLAGS_value=
ac_cv_env_CURL_LIBS_set=
ac_cv_env_CURL_LIBS_value=
ac_cv_env_LDFLAGS_set=
ac_cv_env_LDFLAGS_value=
ac_cv_env_LIBS_set=
ac_cv_env_LIBS_value=
ac_cv_env_OPENSSL_CFLAGS_set=
ac_cv_env_OPENSSL_CFLAGS_value=
ac_cv_env_OPENSSL_LIBS_set=
ac_cv_env_OPENSSL_LIBS_value=
ac_cv_env_PATHFINDER_CFLAGS_set=
ac_cv_env_PATHFINDER_CFLAGS_value=
ac_cv_env_PATHFINDER_LIBS_set=
ac_cv_env_PATHFINDER_LIBS_value=
ac_cv_env_PKG_CONFIG_set=
ac_cv_env_PKG_CONFIG_value=
ac_cv_env_build_alias_set=
ac_cv_env_build_alias_value=
ac_cv_env_host_alias_set=set
ac_cv_env_host_alias_value=xscale-none-linux-gnueabi
ac_cv_env_target_alias_set=
ac_cv_env_target_alias_value=
ac_cv_func__doprnt=no
ac_cv_func_chown_works=no
ac_cv_func_fork=yes
ac_cv_func_fork_works=yes
ac_cv_func_memmove=yes
ac_cv_func_memset=yes
ac_cv_func_mkdir=yes
ac_cv_func_regcomp=yes
ac_cv_func_strchr=yes
ac_cv_func_strcspn=yes
ac_cv_func_strdup=yes
ac_cv_func_strerror=yes
ac_cv_func_strndup=yes
ac_cv_func_strrchr=yes
ac_cv_func_strstr=yes
ac_cv_func_strtol=yes
ac_cv_func_strtoul=yes
ac_cv_func_sysinfo=yes
ac_cv_func_utime=yes
ac_cv_func_utime_null=yes
ac_cv_func_vfork=yes
ac_cv_func_vfork_works=yes
ac_cv_func_vprintf=yes
ac_cv_header_dirent_dirent_h=yes
ac_cv_header_dlfcn_h=yes
ac_cv_header_errno_h=yes
ac_cv_header_fcntl_h=yes
ac_cv_header_inttypes_h=yes
ac_cv_header_memory_h=yes
ac_cv_header_minix_config_h=no
ac_cv_header_regex_h=yes
ac_cv_header_stdc=yes
ac_cv_header_stddef_h=yes
ac_cv_header_stdint_h=yes
ac_cv_header_stdlib_h=yes
ac_cv_header_string_h=yes
ac_cv_header_strings_h=yes
ac_cv_header_sys_stat_h=yes
ac_cv_header_sys_types_h=yes
ac_cv_header_sys_wait_h=yes
ac_cv_header_unistd_h=yes
ac_cv_header_utime_h=yes
ac_cv_header_vfork_h=no
ac_cv_host=xscale-none-linux-gnueabi
ac_cv_member_struct_stat_st_rdev=yes
ac_cv_objext=o
ac_cv_path_EGREP='/bin/grep -E'
ac_cv_path_GREP=/bin/grep
ac_cv_path_ac_pt_PKG_CONFIG=/usr/bin/pkg-config
ac_cv_path_install='/usr/bin/install -c'
ac_cv_path_mkdir=/bin/mkdir
ac_cv_prog_AR=xscale-none-linux-gnueabi-ar
ac_cv_prog_AWK=gawk
ac_cv_prog_CC=xscale-none-linux-gnueabi-gcc
ac_cv_prog_CPP='xscale-none-linux-gnueabi-gcc -E'
ac_cv_prog_RANLIB=xscale-none-linux-gnueabi-ranlib
ac_cv_prog_SED=/bin/sed
ac_cv_prog_STRIP=xscale-none-linux-gnueabi-strip
ac_cv_prog_cc_c89=
ac_cv_prog_cc_g=yes
ac_cv_prog_make_make_set=yes
ac_cv_safe_to_define___extensions__=yes
ac_cv_search_opendir='none required'
ac_cv_sys_file_offset_bits=64
ac_cv_sys_largefile_CC=no
ac_cv_type_mode_t=yes
ac_cv_type_off_t=yes
ac_cv_type_pid_t=yes
ac_cv_type_signal=void
ac_cv_type_size_t=yes
ac_cv_type_uid_t=yes
am_cv_CC_dependencies_compiler_type=gcc3
lt_cv_deplibs_check_method=pass_all
lt_cv_file_magic_cmd='$MAGIC_CMD'
lt_cv_file_magic_test_file=
lt_cv_ld_reload_flag=-r
lt_cv_objdir=.libs
lt_cv_path_LD=/usr/local/arm-linux-4.4.2-v4/libexec/gcc/arm-none-linux-gnueabi/4.4.2/ld
lt_cv_path_NM='/usr/local/arm-linux-4.4.2-v4/bin/xscale-none-linux-gnueabi-nm -B'
lt_cv_path_SED=/bin/sed
lt_cv_prog_compiler_c_o=yes
lt_cv_prog_compiler_pic_works=yes
lt_cv_prog_compiler_rtti_exceptions=no
lt_cv_prog_compiler_static_works=yes
lt_cv_prog_gnu_ld=yes
lt_cv_sys_global_symbol_pipe='sed -n -e '\''s/^.*[ 	]\([ABCDGIRSTW][ABCDGIRSTW]*\)[ 	][ 	]*\([_A-Za-z][_A-Za-z0-9]*\)$/\1 \2 \2/p'\'''
lt_cv_sys_global_symbol_to_c_name_address='sed -n -e '\''s/^: \([^ ]*\) $/  {\"\1\", (lt_ptr) 0},/p'\'' -e '\''s/^[BCDEGRST] \([^ ]*\) \([^ ]*\)$/  {"\2", (lt_ptr) \&\2},/p'\'''
lt_cv_sys_global_symbol_to_cdecl='sed -n -e '\''s/^. .* \(.*\)$/extern int \1;/p'\'''
lt_cv_sys_lib_dlsearch_path_spec='/lib /usr/lib /lib/i486-linux-gnu /usr/lib/i486-linux-gnu /usr/local/lib '
lt_cv_sys_lib_search_path_spec='/usr/local/arm-linux-4.4.2-v4/lib/gcc/arm-none-linux-gnueabi/4.4.2/be /usr/local/arm-linux-4.4.2-v4/arm-none-linux-gnueabi/lib/be'
lt_cv_sys_max_cmd_len=805306365
lt_lt_cv_prog_compiler_c_o='"yes"'
lt_lt_cv_sys_global_symbol_pipe='"sed -n -e '\''s/^.*[ 	]\\([ABCDGIRSTW][ABCDGIRSTW]*\\)[ 	][ 	]*\\([_A-Za-z][_A-Za-z0-9]*\\)\$/\\1 \\2 \\2/p'\''"'
lt_lt_cv_sys_global_symbol_to_c_name_address='"sed -n -e '\''s/^: \\([^ ]*\\) \$/  {\\\"\\1\\\", (lt_ptr) 0},/p'\'' -e '\''s/^[BCDEGRST] \\([^ ]*\\) \\([^ ]*\\)\$/  {\"\\2\", (lt_ptr) \\&\\2},/p'\''"'
lt_lt_cv_sys_global_symbol_to_cdecl='"sed -n -e '\''s/^. .* \\(.*\\)\$/extern int \\1;/p'\''"'

## ----------------- ##
## Output variables. ##
## ----------------- ##

ACLOCAL='${SHELL} /home/miguel/workspace/wng_software/opkg/opkg-0.1.8-pi2p/conf/missing --run aclocal-1.10'
AMDEPBACKSLASH='\'
AMDEP_FALSE='#'
AMDEP_TRUE=''
AMTAR='${SHELL} /home/miguel/workspace/wng_software/opkg/opkg-0.1.8-pi2p/conf/missing --run tar'
AM_MAKEFLAGS='`test -z $V && echo -s`'
AR='xscale-none-linux-gnueabi-ar'
AUTOCONF='${SHELL} /home/miguel/workspace/wng_software/opkg/opkg-0.1.8-pi2p/conf/missing --run autoconf'
AUTOHEADER='${SHELL} /home/miguel/workspace/wng_software/opkg/opkg-0.1.8-pi2p/conf/missing --run autoheader'
AUTOMAKE='${SHELL} /home/miguel/workspace/wng_software/opkg/opkg-0.1.8-pi2p/conf/missing --run automake-1.10'
AWK='gawk'
BIGENDIAN_CFLAGS='-DWORDS_BIGENDIAN=1'
CC='/bin/bash /home/miguel/workspace/wng_software/opkg/opkg-0.1.8-pi2p/shave/shave cc xscale-none-linux-gnueabi-gcc'
CCDEPMODE='depmode=gcc3'
CFLAGS='-g -O2'
CPP='xscale-none-linux-gnueabi-gcc -E'
CPPFLAGS=''
CURL_CFLAGS=''
CURL_LIBS=''
CXX='/bin/bash /home/miguel/workspace/wng_software/opkg/opkg-0.1.8-pi2p/shave/shave cxx '
CYGPATH_W='echo'
DEFS='-DHAVE_CONFIG_H'
DEPDIR='.deps'
DSYMUTIL=''
ECHO='echo'
ECHO_C=''
ECHO_N='-n'
ECHO_T=''
EGREP='/bin/grep -E'
EXEEXT=''
F77='/bin/bash /home/miguel/workspace/wng_software/opkg/opkg-0.1.8-pi2p/shave/shave f77 '
FC='/bin/bash /home/miguel/workspace/wng_software/opkg/opkg-0.1.8-pi2p/shave/shave fc '
GPGME_CFLAGS=''
GPGME_CONFIG=''
GPGME_LIBS=''
GREP='/bin/grep'
HAVE_PATHFINDER_FALSE=''
HAVE_PATHFINDER_TRUE='#'
HAVE_SHA256_FALSE='#'
HAVE_SHA256_TRUE=''
INSTALL_DATA='${INSTALL} -m 644'
INSTALL_PROGRAM='${INSTALL}'
INSTALL_SCRIPT='${INSTALL}'
INSTALL_STRIP_PROGRAM='$(install_sh) -c -s'
LDFLAGS=''
LIBOBJS=''
LIBS=''
LIBTOOL='/bin/bash /home/miguel/workspace/wng_software/opkg/opkg-0.1.8-pi2p/shave/shave-libtool '\''$(SHELL) $(top_builddir)/libtool'\'''
LN_S='ln -s'
LTLIBOBJS=''
MAKEFLAGS='-s'
MAKEINFO='${SHELL} /home/miguel/workspace/wng_software/opkg/opkg-0.1.8-pi2p/conf/missing --run makeinfo'
MKDIR_P='/bin/mkdir -p'
NMEDIT=''
OBJC='/bin/bash /home/miguel/workspace/wng_software/opkg/opkg-0.1.8-pi2p/shave/shave objc '
OBJEXT='o'
OPENSSL_CFLAGS=''
OPENSSL_LIBS=''
PACKAGE='opkg'
PACKAGE_BUGREPORT=''
PACKAGE_NAME='opkg'
PACKAGE_STRING='opkg 0.1.8'
PACKAGE_TARNAME='opkg'
PACKAGE_URL=''
PACKAGE_VERSION='0.1.8'
PATHFINDER_CFLAGS=''
PATHFINDER_LIBS=''
PATH_SEPARATOR=':'
PKG_CONFIG='/usr/bin/pkg-config'
Q='$(V:1=)'
RANLIB='xscale-none-linux-gnueabi-ranlib'
SED='/bin/sed'
SET_MAKE=''
SHELL='/bin/bash'
STRIP='xscale-none-linux-gnueabi-strip'
V='@'
VERSION='0.1.8'
ac_ct_CC=''
am__fastdepCC_FALSE='#'
am__fastdepCC_TRUE=''
am__include='include'
am__isrc=''
am__leading_dot='.'
am__quote=''
am__tar='${AMTAR} chof - "$$tardir"'
am__untar='${AMTAR} xf -'
bindir='${exec_prefix}/bin'
build='i686-pc-linux-gnu'
build_alias=''
build_cpu='i686'
build_os='linux-gnu'
build_vendor='pc'
datadir='${datarootdir}'
datarootdir='${prefix}/share'
docdir='${datarootdir}/doc/${PACKAGE_TARNAME}'
dvidir='${docdir}'
exec_prefix='${prefix}'
host='xscale-none-linux-gnueabi'
host_alias='xscale-none-linux-gnueabi'
host_cpu='xscale'
host_os='linux-gnueabi'
host_vendor='none'
htmldir='${docdir}'
includedir='${prefix}/include'
infodir='${datarootdir}/info'
install_sh='$(SHELL) /home/miguel/workspace/wng_software/opkg/opkg-0.1.8-pi2p/conf/install-sh'
libdir='${exec_prefix}/lib'
libexecdir='${exec_prefix}/libexec'
localedir='${datarootdir}/locale'
localstatedir='${prefix}/var'
mandir='${datarootdir}/man'
mkdir_p='/bin/mkdir -p'
oldincludedir='/usr/include'
opkgetcdir='/etc'
opkglibdir='/usr/lib'
opkglockfile='/usr/lib/opkg/lock'
pdfdir='${docdir}'
prefix='/home/miguel/workspace/wng_software/opkg/out_MOXA-UC8481'
program_transform_name='s,x,x,'
psdir='${docdir}'
sbindir='${exec_prefix}/sbin'
sharedstatedir='${prefix}/com'
shavedir='/home/miguel/workspace/wng_software/opkg/opkg-0.1.8-pi2p/shave'
sysconfdir='${prefix}/etc'
target_alias=''

## ----------- ##
## confdefs.h. ##
## ----------- ##

/* confdefs.h */
#define PACKAGE_NAME "opkg"
#define PACKAGE_TARNAME "opkg"
#define PACKAGE_VERSION "0.1.8"
#define PACKAGE_STRING "opkg 0.1.8"
#define PACKAGE_BUGREPORT ""
#define PACKAGE_URL ""
#define PACKAGE "opkg"
#define VERSION "0.1.8"
#define STDC_HEADERS 1
#define HAVE_SYS_TYPES_H 1
#define HAVE_SYS_STAT_H 1
#define HAVE_STDLIB_H 1
#define HAVE_STRING_H 1
#define HAVE_MEMORY_H 1
#define HAVE_STRINGS_H 1
#define HAVE_INTTYPES_H 1
#define HAVE_STDINT_H 1
#define HAVE_UNISTD_H 1
#define __EXTENSIONS__ 1
#define _ALL_SOURCE 1
#define _GNU_SOURCE 1
#define _POSIX_PTHREAD_SEMANTICS 1
#define _TANDEM_SOURCE 1
#define _FILE_OFFSET_BITS 64
#define HAVE_DLFCN_H 1
#define HAVE_SHA256 1
#define HAVE_DIRENT_H 1
#define STDC_HEADERS 1
#define HAVE_SYS_WAIT_H 1
#define HAVE_ERRNO_H 1
#define HAVE_FCNTL_H 1
#define HAVE_MEMORY_H 1
#define HAVE_REGEX_H 1
#define HAVE_STDDEF_H 1
#define HAVE_STDLIB_H 1
#define HAVE_STRING_H 1
#define HAVE_STRINGS_H 1
#define HAVE_UNISTD_H 1
#define HAVE_UTIME_H 1
#define HAVE_STRUCT_STAT_ST_RDEV 1
#define HAVE_UNISTD_H 1
#define HAVE_FORK 1
#define HAVE_VFORK 1
#define HAVE_WORKING_VFORK 1
#define HAVE_WORKING_FORK 1
#define RETSIGTYPE void
#define HAVE_UTIME_H 1
#define HAVE_UTIME_NULL 1
#define HAVE_VPRINTF 1
#define HAVE_MEMMOVE 1
#define HAVE_MEMSET 1
#define HAVE_MKDIR 1
#define HAVE_REGCOMP 1
#define HAVE_STRCHR 1
#define HAVE_STRCSPN 1
#define HAVE_STRDUP 1
#define HAVE_STRERROR 1
#define HAVE_STRNDUP 1
#define HAVE_STRRCHR 1
#define HAVE_STRSTR 1
#define HAVE_STRTOL 1
#define HAVE_STRTOUL 1
#define HAVE_SYSINFO 1
#define HAVE_UTIME 1

configure: exit 0
